\BOOKMARK [1][-]{section.1}{OpAmp}{}% 1
\BOOKMARK [2][-]{subsection.1.1}{Introducci\363n}{section.1}% 2
\BOOKMARK [2][-]{subsection.1.2}{Circuito inversor}{section.1}% 3
\BOOKMARK [3][-]{subsubsection.1.2.1}{Caso Avol infinito}{subsection.1.2}% 4
\BOOKMARK [3][-]{subsubsection.1.2.2}{Caso Avol finito}{subsection.1.2}% 5
\BOOKMARK [3][-]{subsubsection.1.2.3}{Caso Avol con polo dominante}{subsection.1.2}% 6
\BOOKMARK [3][-]{subsubsection.1.2.4}{Alinealidades del Amplificador Operacional}{subsection.1.2}% 7
\BOOKMARK [3][-]{subsubsection.1.2.5}{Dc sweep}{subsection.1.2}% 8
\BOOKMARK [3][-]{subsubsection.1.2.6}{Respuesta en frecuencia}{subsection.1.2}% 9
\BOOKMARK [3][-]{subsubsection.1.2.7}{Impedancia de entrada}{subsection.1.2}% 10
\BOOKMARK [3][-]{subsubsection.1.2.8}{Observaciones del circuito}{subsection.1.2}% 11
\BOOKMARK [2][-]{subsection.1.3}{Circuito no inversor}{section.1}% 12
\BOOKMARK [3][-]{subsubsection.1.3.1}{Caso Avol infinito}{subsection.1.3}% 13
\BOOKMARK [3][-]{subsubsection.1.3.2}{Caso Avol finito}{subsection.1.3}% 14
\BOOKMARK [3][-]{subsubsection.1.3.3}{Caso Avol con polo dominante}{subsection.1.3}% 15
\BOOKMARK [3][-]{subsubsection.1.3.4}{Dc sweep}{subsection.1.3}% 16
\BOOKMARK [3][-]{subsubsection.1.3.5}{Respuesta en frecuencia}{subsection.1.3}% 17
\BOOKMARK [3][-]{subsubsection.1.3.6}{Impedancia de entrada}{subsection.1.3}% 18
\BOOKMARK [3][-]{subsubsection.1.3.7}{Observaciones del circuito}{subsection.1.3}% 19
\BOOKMARK [2][-]{subsection.1.4}{Conclusi\363n}{section.1}% 20
