[0817/195705:WARNING:dns_config_service_win.cc(665)] Failed to read DnsConfig.
[0817/195710:WARNING:dns_config_service_win.cc(665)] Failed to read DnsConfig.
[0817/195715:WARNING:dns_config_service_win.cc(665)] Failed to read DnsConfig.
[0817/195720:WARNING:dns_config_service_win.cc(665)] Failed to read DnsConfig.
[0817/195725:WARNING:dns_config_service_win.cc(665)] Failed to read DnsConfig.
[0817/195730:WARNING:dns_config_service_win.cc(665)] Failed to read DnsConfig.
[0817/195736:WARNING:dns_config_service_win.cc(665)] Failed to read DnsConfig.
[0817/195741:WARNING:dns_config_service_win.cc(665)] Failed to read DnsConfig.
[0817/195746:WARNING:dns_config_service_win.cc(665)] Failed to read DnsConfig.
[0817/195751:WARNING:dns_config_service_win.cc(665)] Failed to read DnsConfig.
[0817/195756:WARNING:dns_config_service_win.cc(665)] Failed to read DnsConfig.
[0817/195801:WARNING:dns_config_service_win.cc(665)] Failed to read DnsConfig.
[0817/195806:WARNING:dns_config_service_win.cc(665)] Failed to read DnsConfig.
[0817/195811:WARNING:dns_config_service_win.cc(665)] Failed to read DnsConfig.
[0817/195816:WARNING:dns_config_service_win.cc(665)] Failed to read DnsConfig.
[0817/195821:WARNING:dns_config_service_win.cc(665)] Failed to read DnsConfig.
[0817/195826:WARNING:dns_config_service_win.cc(665)] Failed to read DnsConfig.
[0817/195831:WARNING:dns_config_service_win.cc(665)] Failed to read DnsConfig.
[0817/195836:WARNING:dns_config_service_win.cc(665)] Failed to read DnsConfig.
[0817/195841:WARNING:dns_config_service_win.cc(665)] Failed to read DnsConfig.
[0817/195846:WARNING:dns_config_service_win.cc(665)] Failed to read DnsConfig.
[0817/195851:WARNING:dns_config_service_win.cc(665)] Failed to read DnsConfig.
[0817/195856:WARNING:dns_config_service_win.cc(665)] Failed to read DnsConfig.
[0817/195901:WARNING:dns_config_service_win.cc(665)] Failed to read DnsConfig.
[0817/195906:WARNING:dns_config_service_win.cc(665)] Failed to read DnsConfig.
[0817/195911:WARNING:dns_config_service_win.cc(665)] Failed to read DnsConfig.
[0817/195916:WARNING:dns_config_service_win.cc(665)] Failed to read DnsConfig.
[0817/195921:WARNING:dns_config_service_win.cc(665)] Failed to read DnsConfig.
[0817/195926:WARNING:dns_config_service_win.cc(665)] Failed to read DnsConfig.
[0817/195931:WARNING:dns_config_service_win.cc(665)] Failed to read DnsConfig.
[0817/195936:WARNING:dns_config_service_win.cc(665)] Failed to read DnsConfig.
[0817/195941:WARNING:dns_config_service_win.cc(665)] Failed to read DnsConfig.
[0817/195946:WARNING:dns_config_service_win.cc(665)] Failed to read DnsConfig.
[0817/195951:WARNING:dns_config_service_win.cc(665)] Failed to read DnsConfig.
[0817/195956:WARNING:dns_config_service_win.cc(665)] Failed to read DnsConfig.
[0817/200001:WARNING:dns_config_service_win.cc(665)] Failed to read DnsConfig.
[0817/200006:WARNING:dns_config_service_win.cc(665)] Failed to read DnsConfig.
[0817/200011:WARNING:dns_config_service_win.cc(665)] Failed to read DnsConfig.
[0817/200016:WARNING:dns_config_service_win.cc(665)] Failed to read DnsConfig.
[0817/200021:WARNING:dns_config_service_win.cc(665)] Failed to read DnsConfig.
[0817/200026:WARNING:dns_config_service_win.cc(665)] Failed to read DnsConfig.
[0817/200031:WARNING:dns_config_service_win.cc(665)] Failed to read DnsConfig.
[0817/200036:WARNING:dns_config_service_win.cc(665)] Failed to read DnsConfig.
[0817/200041:WARNING:dns_config_service_win.cc(665)] Failed to read DnsConfig.
[0817/200046:WARNING:dns_config_service_win.cc(665)] Failed to read DnsConfig.
[0817/200051:WARNING:dns_config_service_win.cc(665)] Failed to read DnsConfig.
[0817/200056:WARNING:dns_config_service_win.cc(665)] Failed to read DnsConfig.
[0817/200101:WARNING:dns_config_service_win.cc(665)] Failed to read DnsConfig.
[0817/200106:WARNING:dns_config_service_win.cc(665)] Failed to read DnsConfig.
[0817/200111:WARNING:dns_config_service_win.cc(665)] Failed to read DnsConfig.
[0817/200116:WARNING:dns_config_service_win.cc(665)] Failed to read DnsConfig.
[0817/200121:WARNING:dns_config_service_win.cc(665)] Failed to read DnsConfig.
[0817/200126:WARNING:dns_config_service_win.cc(665)] Failed to read DnsConfig.
[0817/200131:WARNING:dns_config_service_win.cc(665)] Failed to read DnsConfig.
[0817/200136:WARNING:dns_config_service_win.cc(665)] Failed to read DnsConfig.
[0817/200141:WARNING:dns_config_service_win.cc(665)] Failed to read DnsConfig.
[0817/200146:WARNING:dns_config_service_win.cc(665)] Failed to read DnsConfig.
[0817/200151:WARNING:dns_config_service_win.cc(665)] Failed to read DnsConfig.
[0817/200156:WARNING:dns_config_service_win.cc(665)] Failed to read DnsConfig.
[0817/200201:WARNING:dns_config_service_win.cc(665)] Failed to read DnsConfig.
[0817/200206:WARNING:dns_config_service_win.cc(665)] Failed to read DnsConfig.
[0817/200211:WARNING:dns_config_service_win.cc(665)] Failed to read DnsConfig.
[0817/200216:WARNING:dns_config_service_win.cc(665)] Failed to read DnsConfig.
[0817/200221:WARNING:dns_config_service_win.cc(665)] Failed to read DnsConfig.
[0817/200226:WARNING:dns_config_service_win.cc(665)] Failed to read DnsConfig.
[0817/200231:WARNING:dns_config_service_win.cc(665)] Failed to read DnsConfig.
[0817/200236:WARNING:dns_config_service_win.cc(665)] Failed to read DnsConfig.
[0817/200241:WARNING:dns_config_service_win.cc(665)] Failed to read DnsConfig.
[0817/200246:WARNING:dns_config_service_win.cc(665)] Failed to read DnsConfig.
[0817/200251:WARNING:dns_config_service_win.cc(665)] Failed to read DnsConfig.
[0817/200256:WARNING:dns_config_service_win.cc(665)] Failed to read DnsConfig.
[0817/200301:WARNING:dns_config_service_win.cc(665)] Failed to read DnsConfig.
[0817/200306:WARNING:dns_config_service_win.cc(665)] Failed to read DnsConfig.
[0817/200311:WARNING:dns_config_service_win.cc(665)] Failed to read DnsConfig.
[0817/200316:WARNING:dns_config_service_win.cc(665)] Failed to read DnsConfig.
[0817/200321:WARNING:dns_config_service_win.cc(665)] Failed to read DnsConfig.
[0817/200326:WARNING:dns_config_service_win.cc(665)] Failed to read DnsConfig.
[0817/200331:WARNING:dns_config_service_win.cc(665)] Failed to read DnsConfig.
[0817/200336:WARNING:dns_config_service_win.cc(665)] Failed to read DnsConfig.
[0817/200341:WARNING:dns_config_service_win.cc(665)] Failed to read DnsConfig.
[0817/200346:WARNING:dns_config_service_win.cc(665)] Failed to read DnsConfig.
[0817/200351:WARNING:dns_config_service_win.cc(665)] Failed to read DnsConfig.
[0817/200356:WARNING:dns_config_service_win.cc(665)] Failed to read DnsConfig.
[0817/200401:WARNING:dns_config_service_win.cc(665)] Failed to read DnsConfig.
[0817/200406:WARNING:dns_config_service_win.cc(665)] Failed to read DnsConfig.
[0817/200411:WARNING:dns_config_service_win.cc(665)] Failed to read DnsConfig.
[0817/200416:WARNING:dns_config_service_win.cc(665)] Failed to read DnsConfig.
[0817/200421:WARNING:dns_config_service_win.cc(665)] Failed to read DnsConfig.
[0817/200426:WARNING:dns_config_service_win.cc(665)] Failed to read DnsConfig.
[0817/200431:WARNING:dns_config_service_win.cc(665)] Failed to read DnsConfig.
[0817/200436:WARNING:dns_config_service_win.cc(665)] Failed to read DnsConfig.
[0817/200441:WARNING:dns_config_service_win.cc(665)] Failed to read DnsConfig.
[0817/200446:WARNING:dns_config_service_win.cc(665)] Failed to read DnsConfig.
[0817/200451:WARNING:dns_config_service_win.cc(665)] Failed to read DnsConfig.
[0817/200456:WARNING:dns_config_service_win.cc(665)] Failed to read DnsConfig.
[0817/200501:WARNING:dns_config_service_win.cc(665)] Failed to read DnsConfig.
[0817/200506:WARNING:dns_config_service_win.cc(665)] Failed to read DnsConfig.
[0817/200511:WARNING:dns_config_service_win.cc(665)] Failed to read DnsConfig.
[0817/200516:WARNING:dns_config_service_win.cc(665)] Failed to read DnsConfig.
[0817/200521:WARNING:dns_config_service_win.cc(665)] Failed to read DnsConfig.
[0817/200526:WARNING:dns_config_service_win.cc(665)] Failed to read DnsConfig.
[0817/200531:WARNING:dns_config_service_win.cc(665)] Failed to read DnsConfig.
[0817/200536:WARNING:dns_config_service_win.cc(665)] Failed to read DnsConfig.
[0817/200541:WARNING:dns_config_service_win.cc(665)] Failed to read DnsConfig.
[0817/200546:WARNING:dns_config_service_win.cc(665)] Failed to read DnsConfig.
[0817/200551:WARNING:dns_config_service_win.cc(665)] Failed to read DnsConfig.
[0817/200556:WARNING:dns_config_service_win.cc(665)] Failed to read DnsConfig.
[0817/200601:WARNING:dns_config_service_win.cc(665)] Failed to read DnsConfig.
[0817/200606:WARNING:dns_config_service_win.cc(665)] Failed to read DnsConfig.
[0817/200611:WARNING:dns_config_service_win.cc(665)] Failed to read DnsConfig.
[0817/200617:WARNING:dns_config_service_win.cc(665)] Failed to read DnsConfig.
[0817/200622:WARNING:dns_config_service_win.cc(665)] Failed to read DnsConfig.
[0817/200627:WARNING:dns_config_service_win.cc(665)] Failed to read DnsConfig.
[0817/200632:WARNING:dns_config_service_win.cc(665)] Failed to read DnsConfig.
[0817/200637:WARNING:dns_config_service_win.cc(665)] Failed to read DnsConfig.
[0817/200642:WARNING:dns_config_service_win.cc(665)] Failed to read DnsConfig.
[0817/200647:WARNING:dns_config_service_win.cc(665)] Failed to read DnsConfig.
[0817/200652:WARNING:dns_config_service_win.cc(665)] Failed to read DnsConfig.
[0817/200657:WARNING:dns_config_service_win.cc(665)] Failed to read DnsConfig.
[0817/200702:WARNING:dns_config_service_win.cc(665)] Failed to read DnsConfig.
[0817/200707:WARNING:dns_config_service_win.cc(665)] Failed to read DnsConfig.
[0817/200712:WARNING:dns_config_service_win.cc(665)] Failed to read DnsConfig.
[0817/200717:WARNING:dns_config_service_win.cc(665)] Failed to read DnsConfig.
[0817/200722:WARNING:dns_config_service_win.cc(665)] Failed to read DnsConfig.
[0817/200727:WARNING:dns_config_service_win.cc(665)] Failed to read DnsConfig.
[0817/200732:WARNING:dns_config_service_win.cc(665)] Failed to read DnsConfig.
[0817/200737:WARNING:dns_config_service_win.cc(665)] Failed to read DnsConfig.
[0817/200742:WARNING:dns_config_service_win.cc(665)] Failed to read DnsConfig.
[0817/200747:WARNING:dns_config_service_win.cc(665)] Failed to read DnsConfig.
[0817/200752:WARNING:dns_config_service_win.cc(665)] Failed to read DnsConfig.
[0817/200757:WARNING:dns_config_service_win.cc(665)] Failed to read DnsConfig.
[0817/200802:WARNING:dns_config_service_win.cc(665)] Failed to read DnsConfig.
[0817/200807:WARNING:dns_config_service_win.cc(665)] Failed to read DnsConfig.
[0817/200812:WARNING:dns_config_service_win.cc(665)] Failed to read DnsConfig.
[0817/200817:WARNING:dns_config_service_win.cc(665)] Failed to read DnsConfig.
[0817/200822:WARNING:dns_config_service_win.cc(665)] Failed to read DnsConfig.
[0817/200827:WARNING:dns_config_service_win.cc(665)] Failed to read DnsConfig.
[0817/200829:WARNING:dns_config_service_win.cc(665)] Failed to read DnsConfig.
[0817/200832:WARNING:dns_config_service_win.cc(665)] Failed to read DnsConfig.
[0817/200834:WARNING:dns_config_service_win.cc(665)] Failed to read DnsConfig.
[0817/200837:WARNING:dns_config_service_win.cc(665)] Failed to read DnsConfig.
[0817/200839:WARNING:dns_config_service_win.cc(665)] Failed to read DnsConfig.
[0817/200842:WARNING:dns_config_service_win.cc(665)] Failed to read DnsConfig.
[0817/200844:WARNING:dns_config_service_win.cc(665)] Failed to read DnsConfig.
[0817/200847:WARNING:dns_config_service_win.cc(665)] Failed to read DnsConfig.
[0817/200849:WARNING:dns_config_service_win.cc(665)] Failed to read DnsConfig.
[0817/200852:WARNING:dns_config_service_win.cc(665)] Failed to read DnsConfig.
[0817/200854:WARNING:dns_config_service_win.cc(665)] Failed to read DnsConfig.
[0817/200857:WARNING:dns_config_service_win.cc(665)] Failed to read DnsConfig.
[0817/200859:WARNING:dns_config_service_win.cc(665)] Failed to read DnsConfig.
[0817/200902:WARNING:dns_config_service_win.cc(665)] Failed to read DnsConfig.
[0817/200904:WARNING:dns_config_service_win.cc(665)] Failed to read DnsConfig.
[0817/200907:WARNING:dns_config_service_win.cc(665)] Failed to read DnsConfig.
[0817/200909:WARNING:dns_config_service_win.cc(665)] Failed to read DnsConfig.
[0817/200912:WARNING:dns_config_service_win.cc(665)] Failed to read DnsConfig.
[0817/200914:WARNING:dns_config_service_win.cc(665)] Failed to read DnsConfig.
[0817/200917:WARNING:dns_config_service_win.cc(665)] Failed to read DnsConfig.
[0817/200919:WARNING:dns_config_service_win.cc(665)] Failed to read DnsConfig.
[0817/200922:WARNING:dns_config_service_win.cc(665)] Failed to read DnsConfig.
[0817/200924:WARNING:dns_config_service_win.cc(665)] Failed to read DnsConfig.
[0817/200927:WARNING:dns_config_service_win.cc(665)] Failed to read DnsConfig.
[0817/200929:WARNING:dns_config_service_win.cc(665)] Failed to read DnsConfig.
[0817/200932:WARNING:dns_config_service_win.cc(665)] Failed to read DnsConfig.
[0817/200934:WARNING:dns_config_service_win.cc(665)] Failed to read DnsConfig.
[0817/200937:WARNING:dns_config_service_win.cc(665)] Failed to read DnsConfig.
[0817/200939:WARNING:dns_config_service_win.cc(665)] Failed to read DnsConfig.
[0817/200942:WARNING:dns_config_service_win.cc(665)] Failed to read DnsConfig.
[0817/200944:WARNING:dns_config_service_win.cc(665)] Failed to read DnsConfig.
[0817/200947:WARNING:dns_config_service_win.cc(665)] Failed to read DnsConfig.
[0817/200949:WARNING:dns_config_service_win.cc(665)] Failed to read DnsConfig.
[0817/200952:WARNING:dns_config_service_win.cc(665)] Failed to read DnsConfig.
[0817/200954:WARNING:dns_config_service_win.cc(665)] Failed to read DnsConfig.
[0817/200957:WARNING:dns_config_service_win.cc(665)] Failed to read DnsConfig.
[0817/200959:WARNING:dns_config_service_win.cc(665)] Failed to read DnsConfig.
[0817/201002:WARNING:dns_config_service_win.cc(665)] Failed to read DnsConfig.
[0817/201004:WARNING:dns_config_service_win.cc(665)] Failed to read DnsConfig.
[0817/201007:WARNING:dns_config_service_win.cc(665)] Failed to read DnsConfig.
[0817/201009:WARNING:dns_config_service_win.cc(665)] Failed to read DnsConfig.
[0817/201012:WARNING:dns_config_service_win.cc(665)] Failed to read DnsConfig.
[0817/201014:WARNING:dns_config_service_win.cc(665)] Failed to read DnsConfig.
[0817/201017:WARNING:dns_config_service_win.cc(665)] Failed to read DnsConfig.
[0817/201019:WARNING:dns_config_service_win.cc(665)] Failed to read DnsConfig.
[0817/201022:WARNING:dns_config_service_win.cc(665)] Failed to read DnsConfig.
[0817/201024:WARNING:dns_config_service_win.cc(665)] Failed to read DnsConfig.
[0817/201027:WARNING:dns_config_service_win.cc(665)] Failed to read DnsConfig.
[0817/201029:WARNING:dns_config_service_win.cc(665)] Failed to read DnsConfig.
[0817/201032:WARNING:dns_config_service_win.cc(665)] Failed to read DnsConfig.
[0817/201034:WARNING:dns_config_service_win.cc(665)] Failed to read DnsConfig.
[0817/201037:WARNING:dns_config_service_win.cc(665)] Failed to read DnsConfig.
[0817/201039:WARNING:dns_config_service_win.cc(665)] Failed to read DnsConfig.
[0817/201039:WARNING:dns_config_service_win.cc(665)] Failed to read DnsConfig.
[0817/201042:WARNING:dns_config_service_win.cc(665)] Failed to read DnsConfig.
[0817/201044:WARNING:dns_config_service_win.cc(665)] Failed to read DnsConfig.
[0817/201044:WARNING:dns_config_service_win.cc(665)] Failed to read DnsConfig.
[0817/201047:WARNING:dns_config_service_win.cc(665)] Failed to read DnsConfig.
[0818/143719:ERROR:backend_impl.cc(1037)] Critical error found -8
[0818/143719:ERROR:entry_impl.cc(1035)] No file for a1010004
[0818/143719:WARNING:storage_block-inl.h(131)] Failed data load.
[0818/143719:ERROR:cache_util_win.cc(20)] Unable to move the cache: 5
[0818/143719:ERROR:cache_util.cc(134)] Unable to move cache folder C:\ProgramData\Altium\Altium Designer {D1D1BAFB-8421-4E26-984D-5388B5EC3E32}\BrowserCache to C:\ProgramData\Altium\Altium Designer {D1D1BAFB-8421-4E26-984D-5388B5EC3E32}\old_BrowserCache_000
[0818/143719:ERROR:backend_impl.cc(2020)] Corrupt Index file
[0818/175806:ERROR:backend_impl.cc(2020)] Corrupt Index file
[0818/175806:ERROR:cache_util_win.cc(20)] Unable to move the cache: 5
[0818/175806:ERROR:cache_util.cc(134)] Unable to move cache folder C:\ProgramData\Altium\Altium Designer {D1D1BAFB-8421-4E26-984D-5388B5EC3E32}\BrowserCache to C:\ProgramData\Altium\Altium Designer {D1D1BAFB-8421-4E26-984D-5388B5EC3E32}\old_BrowserCache_000
[0818/175806:ERROR:cache_creator.cc(129)] Unable to create cache
[0818/182347:ERROR:backend_impl.cc(2020)] Corrupt Index file
[0818/182347:ERROR:cache_util_win.cc(20)] Unable to move the cache: 5
[0818/182347:ERROR:cache_util.cc(134)] Unable to move cache folder C:\ProgramData\Altium\Altium Designer {D1D1BAFB-8421-4E26-984D-5388B5EC3E32}\BrowserCache to C:\ProgramData\Altium\Altium Designer {D1D1BAFB-8421-4E26-984D-5388B5EC3E32}\old_BrowserCache_000
[0818/182347:ERROR:cache_creator.cc(129)] Unable to create cache
[0818/190608:ERROR:backend_impl.cc(2020)] Corrupt Index file
[0818/190608:ERROR:cache_util_win.cc(20)] Unable to move the cache: 5
[0818/190608:ERROR:cache_util.cc(134)] Unable to move cache folder C:\ProgramData\Altium\Altium Designer {D1D1BAFB-8421-4E26-984D-5388B5EC3E32}\BrowserCache to C:\ProgramData\Altium\Altium Designer {D1D1BAFB-8421-4E26-984D-5388B5EC3E32}\old_BrowserCache_000
[0818/190608:ERROR:cache_creator.cc(129)] Unable to create cache
[0822/120204:ERROR:backend_impl.cc(2020)] Corrupt Index file
[0822/120204:ERROR:cache_util_win.cc(20)] Unable to move the cache: 5
[0822/120204:ERROR:cache_util.cc(134)] Unable to move cache folder C:\ProgramData\Altium\Altium Designer {D1D1BAFB-8421-4E26-984D-5388B5EC3E32}\BrowserCache to C:\ProgramData\Altium\Altium Designer {D1D1BAFB-8421-4E26-984D-5388B5EC3E32}\old_BrowserCache_000
[0822/120204:ERROR:cache_creator.cc(129)] Unable to create cache
[0822/123113:ERROR:ipc_channel_win.cc(217)] pipe error: 109
[0822/130628:ERROR:backend_impl.cc(2020)] Corrupt Index file
[0822/130628:ERROR:cache_util_win.cc(20)] Unable to move the cache: 5
[0822/130628:ERROR:cache_util.cc(134)] Unable to move cache folder C:\ProgramData\Altium\Altium Designer {D1D1BAFB-8421-4E26-984D-5388B5EC3E32}\BrowserCache to C:\ProgramData\Altium\Altium Designer {D1D1BAFB-8421-4E26-984D-5388B5EC3E32}\old_BrowserCache_000
[0822/130628:ERROR:cache_creator.cc(129)] Unable to create cache
[0822/171746:ERROR:backend_impl.cc(2020)] Corrupt Index file
[0822/171746:ERROR:cache_util_win.cc(20)] Unable to move the cache: 5
[0822/171746:ERROR:cache_util.cc(134)] Unable to move cache folder C:\ProgramData\Altium\Altium Designer {D1D1BAFB-8421-4E26-984D-5388B5EC3E32}\BrowserCache to C:\ProgramData\Altium\Altium Designer {D1D1BAFB-8421-4E26-984D-5388B5EC3E32}\old_BrowserCache_000
[0822/171746:ERROR:cache_creator.cc(129)] Unable to create cache
[0822/190553:WARNING:dns_config_service_win.cc(665)] Failed to read DnsConfig.
[0822/190557:WARNING:dns_config_service_win.cc(665)] Failed to read DnsConfig.
[0822/190559:WARNING:dns_config_service_win.cc(665)] Failed to read DnsConfig.
[0822/190600:WARNING:dns_config_service_win.cc(665)] Failed to read DnsConfig.
[0822/190600:WARNING:dns_config_service_win.cc(665)] Failed to read DnsConfig.
[0822/190602:WARNING:dns_config_service_win.cc(665)] Failed to read DnsConfig.
[0822/190604:WARNING:dns_config_service_win.cc(665)] Failed to read DnsConfig.
[0822/190605:WARNING:dns_config_service_win.cc(665)] Failed to read DnsConfig.
[0822/190605:WARNING:dns_config_service_win.cc(665)] Failed to read DnsConfig.
[0822/190607:WARNING:dns_config_service_win.cc(665)] Failed to read DnsConfig.
[0822/192958:WARNING:dns_config_service_win.cc(665)] Failed to read DnsConfig.
[0822/194903:WARNING:dns_config_service_win.cc(665)] Failed to read DnsConfig.
[0822/194908:WARNING:dns_config_service_win.cc(665)] Failed to read DnsConfig.
[0822/194911:WARNING:dns_config_service_win.cc(665)] Failed to read DnsConfig.
[0822/194913:WARNING:dns_config_service_win.cc(665)] Failed to read DnsConfig.
[0822/194914:WARNING:dns_config_service_win.cc(665)] Failed to read DnsConfig.
[0822/194914:WARNING:dns_config_service_win.cc(665)] Failed to read DnsConfig.
[0822/194915:WARNING:dns_config_service_win.cc(665)] Failed to read DnsConfig.
[0822/194915:WARNING:dns_config_service_win.cc(665)] Failed to read DnsConfig.
[0822/194916:WARNING:dns_config_service_win.cc(665)] Failed to read DnsConfig.
[0822/194918:WARNING:dns_config_service_win.cc(665)] Failed to read DnsConfig.
[0822/233736:ERROR:backend_impl.cc(2020)] Corrupt Index file
[0822/233736:ERROR:cache_util_win.cc(20)] Unable to move the cache: 5
[0822/233736:ERROR:cache_util.cc(134)] Unable to move cache folder C:\ProgramData\Altium\Altium Designer {D1D1BAFB-8421-4E26-984D-5388B5EC3E32}\BrowserCache to C:\ProgramData\Altium\Altium Designer {D1D1BAFB-8421-4E26-984D-5388B5EC3E32}\old_BrowserCache_000
[0822/233736:ERROR:cache_creator.cc(129)] Unable to create cache
